# JRE version: OpenJDK Runtime Environment (17.0.6) (build 17.0.6+0-b2043.56-10027231)
# Java VM: OpenJDK 64-Bit Server VM (17.0.6+0-b2043.56-10027231, mixed mode, tiered, compressed oops, compressed class ptrs, g1 gc, windows-amd64)
GC Precious Log:
 CPUs: 2 total, 2 available
 Memory: 7991M
 Large Page Support: Disabled
 NUMA Support: Disabled
 Compressed Oops: Enabled (32-bit)
 Heap Region Size: 1M
 Heap Min Capacity: 8M
 Heap Initial Capacity: 126M
 Heap Max Capacity: 2G
 Pre-touch: Disabled
 Parallel Workers: 2
 Concurrent Workers: 1
 Concurrent Refinement Workers: 2
 Periodic GC: Disabled
Heap:
 garbage-first heap   total 392192K, used 220672K [0x0000000080000000, 0x0000000100000000)
  region size 1024K, 7 young (7168K), 1 survivors (1024K)
 Metaspace       used 151373K, committed 152640K, reserved 1187840K
  class space    used 19299K, committed 19904K, reserved 1048576K
GC Heap History (20 events):
Event: 243.747 GC heap before
{Heap before GC invocations=35 (full 0):
 garbage-first heap   total 392192K, used 295008K [0x0000000080000000, 0x0000000100000000)
  region size 1024K, 141 young (144384K), 6 survivors (6144K)
 Metaspace       used 119288K, committed 120000K, reserved 1155072K
  class space    used 15758K, committed 16128K, reserved 1048576K
}
Event: 243.848 GC heap after
{Heap after GC invocations=36 (full 0):
 garbage-first heap   total 392192K, used 158940K [0x0000000080000000, 0x0000000100000000)
  region size 1024K, 26 young (26624K), 26 survivors (26624K)
 Metaspace       used 119288K, committed 120000K, reserved 1155072K
  class space    used 15758K, committed 16128K, reserved 1048576K
}
Event: 577.379 GC heap before
{Heap before GC invocations=36 (full 0):
 garbage-first heap   total 392192K, used 327900K [0x0000000080000000, 0x0000000100000000)
  region size 1024K, 173 young (177152K), 26 survivors (26624K)
 Metaspace       used 124569K, committed 125312K, reserved 1163264K
  class space    used 16294K, committed 16640K, reserved 1048576K
}
Event: 577.448 GC heap after
{Heap after GC invocations=37 (full 0):
 garbage-first heap   total 392192K, used 156068K [0x0000000080000000, 0x0000000100000000)
  region size 1024K, 6 young (6144K), 6 survivors (6144K)
 Metaspace       used 124569K, committed 125312K, reserved 1163264K
  class space    used 16294K, committed 16640K, reserved 1048576K
}
Event: 584.301 GC heap before
{Heap before GC invocations=37 (full 0):
 garbage-first heap   total 392192K, used 326052K [0x0000000080000000, 0x0000000100000000)
  region size 1024K, 161 young (164864K), 6 survivors (6144K)
 Metaspace       used 135434K, committed 136320K, reserved 1171456K
  class space    used 17545K, committed 17984K, reserved 1048576K
}
Event: 584.353 GC heap after
{Heap after GC invocations=38 (full 0):
 garbage-first heap   total 392192K, used 175524K [0x0000000080000000, 0x0000000100000000)
  region size 1024K, 20 young (20480K), 20 survivors (20480K)
 Metaspace       used 135434K, committed 136320K, reserved 1171456K
  class space    used 17545K, committed 17984K, reserved 1048576K
}
Event: 670.266 GC heap before
{Heap before GC invocations=38 (full 0):
 garbage-first heap   total 392192K, used 332196K [0x0000000080000000, 0x0000000100000000)
  region size 1024K, 156 young (159744K), 20 survivors (20480K)
 Metaspace       used 141634K, committed 142592K, reserved 1179648K
  class space    used 18181K, committed 18624K, reserved 1048576K
}
Event: 670.300 GC heap after
{Heap after GC invocations=39 (full 0):
 garbage-first heap   total 392192K, used 173991K [0x0000000080000000, 0x0000000100000000)
  region size 1024K, 9 young (9216K), 9 survivors (9216K)
 Metaspace       used 141634K, committed 142592K, reserved 1179648K
  class space    used 18181K, committed 18624K, reserved 1048576K
}
Event: 773.280 GC heap before
{Heap before GC invocations=39 (full 0):
 garbage-first heap   total 392192K, used 314279K [0x0000000080000000, 0x0000000100000000)
  region size 1024K, 147 young (150528K), 9 survivors (9216K)
 Metaspace       used 142230K, committed 143232K, reserved 1179648K
  class space    used 18216K, committed 18688K, reserved 1048576K
}
Event: 773.308 GC heap after
{Heap after GC invocations=40 (full 0):
 garbage-first heap   total 392192K, used 176551K [0x0000000080000000, 0x0000000100000000)
  region size 1024K, 13 young (13312K), 13 survivors (13312K)
 Metaspace       used 142230K, committed 143232K, reserved 1179648K
  class space    used 18216K, committed 18688K, reserved 1048576K
}
Event: 1004.767 GC heap before
{Heap before GC invocations=40 (full 0):
 garbage-first heap   total 392192K, used 337319K [0x0000000080000000, 0x0000000100000000)
  region size 1024K, 152 young (155648K), 13 survivors (13312K)
 Metaspace       used 142958K, committed 144000K, reserved 1179648K
  class space    used 18251K, committed 18752K, reserved 1048576K
}
Event: 1004.803 GC heap after
{Heap after GC invocations=41 (full 0):
 garbage-first heap   total 392192K, used 177631K [0x0000000080000000, 0x0000000100000000)
  region size 1024K, 8 young (8192K), 8 survivors (8192K)
 Metaspace       used 142958K, committed 144000K, reserved 1179648K
  class space    used 18251K, committed 18752K, reserved 1048576K
}
Event: 1012.624 GC heap before
{Heap before GC invocations=41 (full 0):
 garbage-first heap   total 392192K, used 327135K [0x0000000080000000, 0x0000000100000000)
  region size 1024K, 147 young (150528K), 8 survivors (8192K)
 Metaspace       used 143706K, committed 144832K, reserved 1179648K
  class space    used 18350K, committed 18880K, reserved 1048576K
}
Event: 1012.654 GC heap after
{Heap after GC invocations=42 (full 0):
 garbage-first heap   total 392192K, used 191935K [0x0000000080000000, 0x0000000100000000)
  region size 1024K, 19 young (19456K), 19 survivors (19456K)
 Metaspace       used 143706K, committed 144832K, reserved 1179648K
  class space    used 18350K, committed 18880K, reserved 1048576K
}
Event: 1168.269 GC heap before
{Heap before GC invocations=42 (full 0):
 garbage-first heap   total 392192K, used 331199K [0x0000000080000000, 0x0000000100000000)
  region size 1024K, 117 young (119808K), 19 survivors (19456K)
 Metaspace       used 146519K, committed 147648K, reserved 1179648K
  class space    used 18570K, committed 19136K, reserved 1048576K
}
Event: 1168.339 GC heap after
{Heap after GC invocations=43 (full 0):
 garbage-first heap   total 392192K, used 213300K [0x0000000080000000, 0x0000000100000000)
  region size 1024K, 5 young (5120K), 5 survivors (5120K)
 Metaspace       used 146519K, committed 147648K, reserved 1179648K
  class space    used 18570K, committed 19136K, reserved 1048576K
}
Event: 1173.888 GC heap before
{Heap before GC invocations=44 (full 0):
 garbage-first heap   total 392192K, used 333108K [0x0000000080000000, 0x0000000100000000)
  region size 1024K, 112 young (114688K), 5 survivors (5120K)
 Metaspace       used 149351K, committed 150656K, reserved 1187840K
  class space    used 19143K, committed 19776K, reserved 1048576K
}
Event: 1173.941 GC heap after
{Heap after GC invocations=45 (full 0):
 garbage-first heap   total 392192K, used 236544K [0x0000000080000000, 0x0000000100000000)
  region size 1024K, 14 young (14336K), 14 survivors (14336K)
 Metaspace       used 149351K, committed 150656K, reserved 1187840K
  class space    used 19143K, committed 19776K, reserved 1048576K
}
Event: 1174.194 GC heap before
{Heap before GC invocations=45 (full 0):
 garbage-first heap   total 392192K, used 241664K [0x0000000080000000, 0x0000000100000000)
  region size 1024K, 19 young (19456K), 14 survivors (14336K)
 Metaspace       used 150764K, committed 152064K, reserved 1187840K
  class space    used 19220K, committed 19840K, reserved 1048576K
}
Event: 1174.342 GC heap after
{Heap after GC invocations=46 (full 0):
 garbage-first heap   total 392192K, used 215552K [0x0000000080000000, 0x0000000100000000)
  region size 1024K, 1 young (1024K), 1 survivors (1024K)
 Metaspace       used 150764K, committed 152064K, reserved 1187840K
  class space    used 19220K, committed 19840K, reserved 1048576K
}

